# JRE version: OpenJDK Runtime Environment (8.0_272-b10) (build 1.8.0_272-b10)
# Java VM: OpenJDK 64-Bit Server VM (25.272-b10 mixed mode windows-amd64 compressed oops)
Heap:
 PSYoungGen      total 172544K, used 43546K [0x00000000d5580000, 0x00000000e3400000, 0x0000000100000000)
  eden space 154112K, 28% used [0x00000000d5580000,0x00000000d8006878,0x00000000dec00000)
  from space 18432K, 0% used [0x00000000dec00000,0x00000000dec00000,0x00000000dfe00000)
  to   space 22528K, 0% used [0x00000000e1e00000,0x00000000e1e00000,0x00000000e3400000)
 ParOldGen       total 261632K, used 36654K [0x0000000080000000, 0x000000008ff80000, 0x00000000d5580000)
  object space 261632K, 14% used [0x0000000080000000,0x00000000823cb958,0x000000008ff80000)
 Metaspace       used 58327K, capacity 61256K, committed 61656K, reserved 1101824K
  class space    used 8086K, capacity 8646K, committed 8704K, reserved 1048576K
GC Heap History (10 events):
Event: 10.230 GC heap before
{Heap before GC invocations=10 (full 2):
 PSYoungGen      total 107520K, used 94208K [0x00000000d5580000, 0x00000000dfc80000, 0x0000000100000000)
  eden space 94208K, 100% used [0x00000000d5580000,0x00000000db180000,0x00000000db180000)
  from space 13312K, 0% used [0x00000000db180000,0x00000000db180000,0x00000000dbe80000)
  to   space 12800K, 0% used [0x00000000df000000,0x00000000df000000,0x00000000dfc80000)
 ParOldGen       total 175104K, used 16517K [0x0000000080000000, 0x000000008ab00000, 0x00000000d5580000)
  object space 175104K, 9% used [0x0000000080000000,0x00000000810214e0,0x000000008ab00000)
 Metaspace       used 38888K, capacity 40706K, committed 40960K, reserved 1085440K
  class space    used 5522K, capacity 5885K, committed 5888K, reserved 1048576K
Event: 10.239 GC heap after
Heap after GC invocations=10 (full 2):
 PSYoungGen      total 137216K, used 6750K [0x00000000d5580000, 0x00000000df700000, 0x0000000100000000)
  eden space 130048K, 0% used [0x00000000d5580000,0x00000000d5580000,0x00000000dd480000)
  from space 7168K, 94% used [0x00000000df000000,0x00000000df697a60,0x00000000df700000)
  to   space 12800K, 0% used [0x00000000dde00000,0x00000000dde00000,0x00000000dea80000)
 ParOldGen       total 175104K, used 16525K [0x0000000080000000, 0x000000008ab00000, 0x00000000d5580000)
  object space 175104K, 9% used [0x0000000080000000,0x00000000810234e0,0x000000008ab00000)
 Metaspace       used 38888K, capacity 40706K, committed 40960K, reserved 1085440K
  class space    used 5522K, capacity 5885K, committed 5888K, reserved 1048576K
}
Event: 13.132 GC heap before
{Heap before GC invocations=11 (full 2):
 PSYoungGen      total 137216K, used 136798K [0x00000000d5580000, 0x00000000df700000, 0x0000000100000000)
  eden space 130048K, 100% used [0x00000000d5580000,0x00000000dd480000,0x00000000dd480000)
  from space 7168K, 94% used [0x00000000df000000,0x00000000df697a60,0x00000000df700000)
  to   space 12800K, 0% used [0x00000000dde00000,0x00000000dde00000,0x00000000dea80000)
 ParOldGen       total 175104K, used 16525K [0x0000000080000000, 0x000000008ab00000, 0x00000000d5580000)
  object space 175104K, 9% used [0x0000000080000000,0x00000000810234e0,0x000000008ab00000)
 Metaspace       used 44269K, capacity 46702K, committed 46976K, reserved 1089536K
  class space    used 6228K, capacity 6689K, committed 6784K, reserved 1048576K
Event: 13.151 GC heap after
Heap after GC invocations=11 (full 2):
 PSYoungGen      total 152576K, used 12791K [0x00000000d5580000, 0x00000000e0c80000, 0x0000000100000000)
  eden space 139776K, 0% used [0x00000000d5580000,0x00000000d5580000,0x00000000dde00000)
  from space 12800K, 99% used [0x00000000dde00000,0x00000000dea7de48,0x00000000dea80000)
  to   space 14848K, 0% used [0x00000000dfe00000,0x00000000dfe00000,0x00000000e0c80000)
 ParOldGen       total 175104K, used 18142K [0x0000000080000000, 0x000000008ab00000, 0x00000000d5580000)
  object space 175104K, 10% used [0x0000000080000000,0x00000000811b78b0,0x000000008ab00000)
 Metaspace       used 44269K, capacity 46702K, committed 46976K, reserved 1089536K
  class space    used 6228K, capacity 6689K, committed 6784K, reserved 1048576K
}
Event: 35.145 GC heap before
{Heap before GC invocations=12 (full 2):
 PSYoungGen      total 152576K, used 152567K [0x00000000d5580000, 0x00000000e0c80000, 0x0000000100000000)
  eden space 139776K, 100% used [0x00000000d5580000,0x00000000dde00000,0x00000000dde00000)
  from space 12800K, 99% used [0x00000000dde00000,0x00000000dea7de48,0x00000000dea80000)
  to   space 14848K, 0% used [0x00000000dfe00000,0x00000000dfe00000,0x00000000e0c80000)
 ParOldGen       total 175104K, used 18142K [0x0000000080000000, 0x000000008ab00000, 0x00000000d5580000)
  object space 175104K, 10% used [0x0000000080000000,0x00000000811b78b0,0x000000008ab00000)
 Metaspace       used 50424K, capacity 53306K, committed 53504K, reserved 1095680K
  class space    used 7032K, capacity 7558K, committed 7680K, reserved 1048576K
Event: 35.167 GC heap after
Heap after GC invocations=12 (full 2):
 PSYoungGen      total 168960K, used 14824K [0x00000000d5580000, 0x00000000e1a00000, 0x0000000100000000)
  eden space 154112K, 0% used [0x00000000d5580000,0x00000000d5580000,0x00000000dec00000)
  from space 14848K, 99% used [0x00000000dfe00000,0x00000000e0c7a060,0x00000000e0c80000)
  to   space 18432K, 0% used [0x00000000dec00000,0x00000000dec00000,0x00000000dfe00000)
 ParOldGen       total 175104K, used 23456K [0x0000000080000000, 0x000000008ab00000, 0x00000000d5580000)
  object space 175104K, 13% used [0x0000000080000000,0x00000000816e8028,0x000000008ab00000)
 Metaspace       used 50424K, capacity 53306K, committed 53504K, reserved 1095680K
  class space    used 7032K, capacity 7558K, committed 7680K, reserved 1048576K
}
Event: 36.676 GC heap before
{Heap before GC invocations=13 (full 2):
 PSYoungGen      total 168960K, used 96791K [0x00000000d5580000, 0x00000000e1a00000, 0x0000000100000000)
  eden space 154112K, 53% used [0x00000000d5580000,0x00000000da58bed0,0x00000000dec00000)
  from space 14848K, 99% used [0x00000000dfe00000,0x00000000e0c7a060,0x00000000e0c80000)
  to   space 18432K, 0% used [0x00000000dec00000,0x00000000dec00000,0x00000000dfe00000)
 ParOldGen       total 175104K, used 23456K [0x0000000080000000, 0x000000008ab00000, 0x00000000d5580000)
  object space 175104K, 13% used [0x0000000080000000,0x00000000816e8028,0x000000008ab00000)
 Metaspace       used 55979K, capacity 58974K, committed 59096K, reserved 1099776K
  class space    used 7791K, capacity 8377K, committed 8448K, reserved 1048576K
Event: 36.693 GC heap after
Heap after GC invocations=13 (full 2):
 PSYoungGen      total 172544K, used 18415K [0x00000000d5580000, 0x00000000e3400000, 0x0000000100000000)
  eden space 154112K, 0% used [0x00000000d5580000,0x00000000d5580000,0x00000000dec00000)
  from space 18432K, 99% used [0x00000000dec00000,0x00000000dfdfbe78,0x00000000dfe00000)
  to   space 22528K, 0% used [0x00000000e1e00000,0x00000000e1e00000,0x00000000e3400000)
 ParOldGen       total 175104K, used 27863K [0x0000000080000000, 0x000000008ab00000, 0x00000000d5580000)
  object space 175104K, 15% used [0x0000000080000000,0x0000000081b35fe8,0x000000008ab00000)
 Metaspace       used 55979K, capacity 58974K, committed 59096K, reserved 1099776K
  class space    used 7791K, capacity 8377K, committed 8448K, reserved 1048576K
}
Event: 36.693 GC heap before
{Heap before GC invocations=14 (full 3):
 PSYoungGen      total 172544K, used 18415K [0x00000000d5580000, 0x00000000e3400000, 0x0000000100000000)
  eden space 154112K, 0% used [0x00000000d5580000,0x00000000d5580000,0x00000000dec00000)
  from space 18432K, 99% used [0x00000000dec00000,0x00000000dfdfbe78,0x00000000dfe00000)
  to   space 22528K, 0% used [0x00000000e1e00000,0x00000000e1e00000,0x00000000e3400000)
 ParOldGen       total 175104K, used 27863K [0x0000000080000000, 0x000000008ab00000, 0x00000000d5580000)
  object space 175104K, 15% used [0x0000000080000000,0x0000000081b35fe8,0x000000008ab00000)
 Metaspace       used 55979K, capacity 58974K, committed 59096K, reserved 1099776K
  class space    used 7791K, capacity 8377K, committed 8448K, reserved 1048576K
Event: 36.994 GC heap after
Heap after GC invocations=14 (full 3):
 PSYoungGen      total 172544K, used 0K [0x00000000d5580000, 0x00000000e3400000, 0x0000000100000000)
  eden space 154112K, 0% used [0x00000000d5580000,0x00000000d5580000,0x00000000dec00000)
  from space 18432K, 0% used [0x00000000dec00000,0x00000000dec00000,0x00000000dfe00000)
  to   space 22528K, 0% used [0x00000000e1e00000,0x00000000e1e00000,0x00000000e3400000)
 ParOldGen       total 261632K, used 36654K [0x0000000080000000, 0x000000008ff80000, 0x00000000d5580000)
  object space 261632K, 14% used [0x0000000080000000,0x00000000823cb958,0x000000008ff80000)
 Metaspace       used 55929K, capacity 58806K, committed 59096K, reserved 1099776K
  class space    used 7775K, capacity 8349K, committed 8448K, reserved 1048576K
}

